<?xml version="1.0" encoding="UTF-8"?>
<testng-results ignored="0" total="1" passed="1" failed="0" skipped="0">
  <reporter-output>
  </reporter-output>
  <suite started-at="2020-08-02T19:02:41Z" name="Default suite" finished-at="2020-08-02T19:02:50Z" duration-ms="9131">
    <groups>
    </groups>
    <test started-at="2020-08-02T19:02:41Z" name="Default test" finished-at="2020-08-02T19:02:50Z" duration-ms="9131">
      <class name="testcases.LoginPageTest">
        <test-method is-config="true" signature="setUp()[pri:0, instance:testcases.LoginPageTest@7d3a22a9]" started-at="2020-08-02T19:02:41Z" name="setUp" finished-at="2020-08-02T19:02:50Z" duration-ms="8372" status="PASS">
          <reporter-output>
          </reporter-output>
        </test-method> <!-- setUp -->
        <test-method signature="loginPageTitleTest()[pri:1, instance:testcases.LoginPageTest@7d3a22a9]" started-at="2020-08-02T19:02:50Z" name="loginPageTitleTest" finished-at="2020-08-02T19:02:50Z" duration-ms="23" status="PASS">
          <reporter-output>
          </reporter-output>
        </test-method> <!-- loginPageTitleTest -->
        <test-method is-config="true" signature="tearDown()[pri:0, instance:testcases.LoginPageTest@7d3a22a9]" started-at="2020-08-02T19:02:50Z" name="tearDown" finished-at="2020-08-02T19:02:50Z" duration-ms="709" status="PASS">
          <reporter-output>
          </reporter-output>
        </test-method> <!-- tearDown -->
      </class> <!-- testcases.LoginPageTest -->
    </test> <!-- Default test -->
  </suite> <!-- Default suite -->
</testng-results>
